<?xml version="1.0" encoding="UTF-8"?>
<!-- Generated by org.testng.reporters.JUnitReportReporter -->
<testsuite hostname="User" name="runner.demo1" tests="1" failures="0" timestamp="13 Sep 2018 13:32:14 GMT" time="0.003" errors="0">
  <testcase name="setfb" time="0.003" classname="runner.demo1"/>
</testsuite> <!-- runner.demo1 -->
