<?xml version="1.0" encoding="UTF-8"?>
<!-- Generated by org.testng.reporters.JUnitReportReporter -->
<testsuite hostname="User" name="WindowHandler.WindowHandlesDemo" tests="1" failures="0" timestamp="4 Oct 2018 09:00:44 GMT" time="24.968" errors="0">
  <testcase name="demo" time="24.968" classname="WindowHandler.WindowHandlesDemo"/>
</testsuite> <!-- WindowHandler.WindowHandlesDemo -->
