<?xml version="1.0" encoding="UTF-8"?>
<!-- Generated by org.testng.reporters.JUnitReportReporter -->
<testsuite hostname="User" name="com.DemoListner" tests="2" failures="0" timestamp="10 Aug 2018 12:54:44 GMT" time="11.910" errors="0">
  <testcase name="Dummylistner" time="0.016" classname="com.DemoListner"/>
  <testcase name="Myclass" time="11.894" classname="com.DemoListner"/>
</testsuite> <!-- com.DemoListner -->
