<?xml version="1.0" encoding="UTF-8"?>
<!-- Generated by org.testng.reporters.JUnitReportReporter -->
<testsuite hostname="User" name="Listner.DragandDrop" tests="1" failures="0" timestamp="26 Sep 2018 04:55:38 GMT" time="12.422" errors="0">
  <testcase name="draganddropdemo" time="12.422" classname="Listner.DragandDrop"/>
</testsuite> <!-- Listner.DragandDrop -->
