<?xml version="1.0" encoding="UTF-8"?>
<!-- Generated by org.testng.reporters.JUnitReportReporter -->
<testsuite hostname="User" name="com.TestNgDemo" tests="3" failures="0" timestamp="7 Aug 2018 12:55:06 GMT" time="17.787" errors="0">
  <testcase name="Startup" time="0.014" classname="com.TestNgDemo"/>
  <testcase name="Loout" time="0.002" classname="com.TestNgDemo"/>
  <testcase name="loginApp" time="17.771" classname="com.TestNgDemo"/>
</testsuite> <!-- com.TestNgDemo -->
