<?xml version="1.0" encoding="UTF-8"?>
<!-- Generated by org.testng.reporters.JUnitReportReporter -->
<testsuite hostname="User" name="errormassage.ErrorMassageDemo" tests="1" failures="0" timestamp="15 Sep 2018 07:05:13 GMT" time="21.471" errors="0">
  <testcase name="ErrorMassage" time="21.471" classname="errormassage.ErrorMassageDemo"/>
</testsuite> <!-- errormassage.ErrorMassageDemo -->
