<?xml version="1.0" encoding="UTF-8"?>
<!-- Generated by org.testng.reporters.JUnitReportReporter -->
<testsuite hostname="User" name="Listner.Rightclickdemo" tests="1" failures="0" timestamp="26 Sep 2018 05:45:26 GMT" time="26.457" errors="0">
  <testcase name="rightclick" time="26.457" classname="Listner.Rightclickdemo"/>
</testsuite> <!-- Listner.Rightclickdemo -->
