<?xml version="1.0" encoding="UTF-8"?>
<!-- Generated by org.testng.reporters.JUnitReportReporter -->
<testsuite hostname="User" name="demo1.DomDemo" tests="1" failures="0" timestamp="2 Oct 2018 05:55:53 GMT" time="14.001" errors="0">
  <testcase name="Demo" time="14.001" classname="demo1.DomDemo"/>
</testsuite> <!-- demo1.DomDemo -->
