<?xml version="1.0" encoding="UTF-8"?>
<!-- Generated by org.testng.reporters.JUnitReportReporter -->
<testsuite hostname="User" name="runner.demo3" tests="1" failures="0" timestamp="13 Sep 2018 13:32:14 GMT" time="0.002" errors="0">
  <testcase name="settwitter" time="0.002" classname="runner.demo3"/>
</testsuite> <!-- runner.demo3 -->
