<?xml version="1.0" encoding="UTF-8"?>
<!-- Generated by org.testng.reporters.JUnitReportReporter -->
<testsuite hostname="User" name="com.jbk.logindemopage.logindemo" tests="1" failures="0" timestamp="18 Sep 2018 12:46:46 GMT" time="14.902" errors="0">
  <testcase name="demologin" time="14.902" classname="com.jbk.logindemopage.logindemo"/>
</testsuite> <!-- com.jbk.logindemopage.logindemo -->
