<?xml version="1.0" encoding="UTF-8"?>
<!-- Generated by org.testng.reporters.JUnitReportReporter -->
<testsuite hostname="User" name="errormassage.ErrorMassageDemo2" tests="1" failures="0" timestamp="15 Sep 2018 07:09:08 GMT" time="18.985" errors="0">
  <testcase name="ErrorMassage" time="18.985" classname="errormassage.ErrorMassageDemo2"/>
</testsuite> <!-- errormassage.ErrorMassageDemo2 -->
