<?xml version="1.0" encoding="UTF-8"?>
<!-- Generated by org.testng.reporters.JUnitReportReporter -->
<testsuite hostname="User" name="com.jbk.logindemopage.logindemo2" tests="1" failures="0" timestamp="19 Sep 2018 10:12:09 GMT" time="32.480" errors="0">
  <testcase name="demo" time="32.480" classname="com.jbk.logindemopage.logindemo2"/>
</testsuite> <!-- com.jbk.logindemopage.logindemo2 -->
