<?xml version="1.0" encoding="UTF-8"?>
<!-- Generated by org.testng.reporters.JUnitReportReporter -->
<testsuite hostname="User" name="Listner.ActionClassDemo" tests="1" failures="0" timestamp="26 Sep 2018 04:16:26 GMT" time="21.579" errors="0">
  <testcase name="ActionDemo" time="21.579" classname="Listner.ActionClassDemo"/>
</testsuite> <!-- Listner.ActionClassDemo -->
