<?xml version="1.0" encoding="UTF-8"?>
<!-- Generated by org.testng.reporters.JUnitReportReporter -->
<testsuite hostname="User" name="Listner.ListnerDemo" tests="1" failures="0" timestamp="25 Sep 2018 13:27:45 GMT" time="28.558" errors="0">
  <testcase name="testlistner" time="28.558" classname="Listner.ListnerDemo"/>
</testsuite> <!-- Listner.ListnerDemo -->
