<?xml version="1.0" encoding="UTF-8"?>
<!-- Generated by org.testng.reporters.JUnitReportReporter -->
<testsuite hostname="User" name="runner.demo2" tests="1" failures="0" timestamp="13 Sep 2018 13:59:30 GMT" time="0.010" errors="0">
  <testcase name="setemail" time="0.010" classname="runner.demo2"/>
</testsuite> <!-- runner.demo2 -->
